[    0.000000] Linux version 4.15.0-156-generic (buildd@lcy01-amd64-008) (gcc version 7.5.0 (Ubuntu 7.5.0-3ubuntu1~18.04)) #163-Ubuntu SMP Thu Aug 19 23:31:58 UTC 2021 (Ubuntu 4.15.0-156.163-generic 4.15.18)
[    0.000000] Command line: BOOT_IMAGE=/boot/vmlinuz-4.15.0-156-generic root=LABEL=cloudimg-rootfs ro console=tty1 console=ttyS0
[    0.000000] KERNEL supported cpus:
[    0.000000]   Intel GenuineIntel
[    0.000000]   AMD AuthenticAMD
[    0.000000]   Centaur CentaurHauls
[    0.000000] x86/fpu: Supporting XSAVE feature 0x001: 'x87 floating point registers'
[    0.000000] x86/fpu: Supporting XSAVE feature 0x002: 'SSE registers'
[    0.000000] x86/fpu: Supporting XSAVE feature 0x004: 'AVX registers'
[    0.000000] x86/fpu: xstate_offset[2]:  576, xstate_sizes[2]:  256
[    0.000000] x86/fpu: Enabled xstate features 0x7, context size is 832 bytes, using 'standard' format.
[    0.000000] e820: BIOS-provided physical RAM map:
[    0.000000] BIOS-e820: [mem 0x0000000000000000-0x000000000009fbff] usable
[    0.000000] BIOS-e820: [mem 0x000000000009fc00-0x000000000009ffff] reserved
[    0.000000] BIOS-e820: [mem 0x00000000000f0000-0x00000000000fffff] reserved
[    0.000000] BIOS-e820: [mem 0x0000000000100000-0x000000003ffeffff] usable
[    0.000000] BIOS-e820: [mem 0x000000003fff0000-0x000000003fffffff] ACPI data
[    0.000000] BIOS-e820: [mem 0x00000000fec00000-0x00000000fec00fff] reserved
[    0.000000] BIOS-e820: [mem 0x00000000fee00000-0x00000000fee00fff] reserved
[    0.000000] BIOS-e820: [mem 0x00000000fffc0000-0x00000000ffffffff] reserved
[    0.000000] NX (Execute Disable) protection: active
[    0.000000] SMBIOS 2.5 present.
[    0.000000] DMI: innotek GmbH VirtualBox/VirtualBox, BIOS VirtualBox 12/01/2006
[    0.000000] Hypervisor detected: KVM
[    0.000000] e820: last_pfn = 0x3fff0 max_arch_pfn = 0x400000000
[    0.000000] MTRR: Disabled
[    0.000000] x86/PAT: MTRRs disabled, skipping PAT initialization too.
[    0.000000] CPU MTRRs all blank - virtualized system.
[    0.000000] x86/PAT: Configuration [0-7]: WB  WT  UC- UC  WB  WT  UC- UC  
[    0.000000] found SMP MP-table at [mem 0x0009fff0-0x0009ffff]
[    0.000000] Scanning 1 areas for low memory corruption
[    0.000000] RAMDISK: [mem 0x359cf000-0x36cdefff]
[    0.000000] ACPI: Early table checksum verification disabled
[    0.000000] ACPI: RSDP 0x00000000000E0000 000024 (v02 VBOX  )
[    0.000000] ACPI: XSDT 0x000000003FFF0030 00003C (v01 VBOX   VBOXXSDT 00000001 ASL  00000061)
[    0.000000] ACPI: FACP 0x000000003FFF00F0 0000F4 (v04 VBOX   VBOXFACP 00000001 ASL  00000061)
[    0.000000] ACPI: DSDT 0x000000003FFF0470 002325 (v02 VBOX   VBOXBIOS 00000002 INTL 20120111)
[    0.000000] ACPI: FACS 0x000000003FFF0200 000040
[    0.000000] ACPI: FACS 0x000000003FFF0200 000040
[    0.000000] ACPI: APIC 0x000000003FFF0240 00005C (v02 VBOX   VBOXAPIC 00000001 ASL  00000061)
[    0.000000] ACPI: SSDT 0x000000003FFF02A0 0001CC (v01 VBOX   VBOXCPUT 00000002 INTL 20120111)
[    0.000000] ACPI: Reserving FACP table memory at [mem 0x3fff00f0-0x3fff01e3]
[    0.000000] ACPI: Reserving DSDT table memory at [mem 0x3fff0470-0x3fff2794]
[    0.000000] ACPI: Reserving FACS table memory at [mem 0x3fff0200-0x3fff023f]
[    0.000000] ACPI: Reserving FACS table memory at [mem 0x3fff0200-0x3fff023f]
[    0.000000] ACPI: Reserving APIC table memory at [mem 0x3fff0240-0x3fff029b]
[    0.000000] ACPI: Reserving SSDT table memory at [mem 0x3fff02a0-0x3fff046b]
[    0.000000] No NUMA configuration found
[    0.000000] Faking a node at [mem 0x0000000000000000-0x000000003ffeffff]
[    0.000000] NODE_DATA(0) allocated [mem 0x3ffc5000-0x3ffeffff]
[    0.000000] kvm-clock: cpu 0, msr 0:3ff44001, primary cpu clock
[    0.000000] kvm-clock: Using msrs 4b564d01 and 4b564d00
[    0.000000] kvm-clock: using sched offset of 4316235694 cycles
[    0.000000] clocksource: kvm-clock: mask: 0xffffffffffffffff max_cycles: 0x1cd42e4dffb, max_idle_ns: 881590591483 ns
[    0.000000] Zone ranges:
[    0.000000]   DMA      [mem 0x0000000000001000-0x0000000000ffffff]
[    0.000000]   DMA32    [mem 0x0000000001000000-0x000000003ffeffff]
[    0.000000]   Normal   empty
[    0.000000]   Device   empty
[    0.000000] Movable zone start for each node
[    0.000000] Early memory node ranges
[    0.000000]   node   0: [mem 0x0000000000001000-0x000000000009efff]
[    0.000000]   node   0: [mem 0x0000000000100000-0x000000003ffeffff]
[    0.000000] Reserved but unavailable: 104 pages
[    0.000000] Initmem setup node 0 [mem 0x0000000000001000-0x000000003ffeffff]
[    0.000000] ACPI: PM-Timer IO Port: 0x4008
[    0.000000] IOAPIC[0]: apic_id 2, version 32, address 0xfec00000, GSI 0-23
[    0.000000] ACPI: INT_SRC_OVR (bus 0 bus_irq 0 global_irq 2 dfl dfl)
[    0.000000] ACPI: INT_SRC_OVR (bus 0 bus_irq 9 global_irq 9 low level)
[    0.000000] Using ACPI (MADT) for SMP configuration information
[    0.000000] smpboot: Allowing 2 CPUs, 0 hotplug CPUs
[    0.000000] PM: Registered nosave memory: [mem 0x00000000-0x00000fff]
[    0.000000] PM: Registered nosave memory: [mem 0x0009f000-0x0009ffff]
[    0.000000] PM: Registered nosave memory: [mem 0x000a0000-0x000effff]
[    0.000000] PM: Registered nosave memory: [mem 0x000f0000-0x000fffff]
[    0.000000] e820: [mem 0x40000000-0xfebfffff] available for PCI devices
[    0.000000] Booting paravirtualized kernel on KVM
[    0.000000] clocksource: refined-jiffies: mask: 0xffffffff max_cycles: 0xffffffff, max_idle_ns: 7645519600211568 ns
[    0.000000] random: get_random_bytes called from start_kernel+0x99/0x500 with crng_init=0
[    0.000000] setup_percpu: NR_CPUS:8192 nr_cpumask_bits:2 nr_cpu_ids:2 nr_node_ids:1
[    0.000000] percpu: Embedded 45 pages/cpu s147456 r8192 d28672 u1048576
[    0.000000] PV qspinlock hash table entries: 256 (order: 0, 4096 bytes)
[    0.000000] Built 1 zonelists, mobility grouping on.  Total pages: 257913
[    0.000000] Policy zone: DMA32
[    0.000000] Kernel command line: BOOT_IMAGE=/boot/vmlinuz-4.15.0-156-generic root=LABEL=cloudimg-rootfs ro console=tty1 console=ttyS0
[    0.000000] Memory: 982716K/1048120K available (12300K kernel code, 2483K rwdata, 4320K rodata, 2448K init, 2724K bss, 65404K reserved, 0K cma-reserved)
[    0.000000] SLUB: HWalign=64, Order=0-3, MinObjects=0, CPUs=2, Nodes=1
[    0.000000] Kernel/User page tables isolation: enabled
[    0.000000] ftrace: allocating 39466 entries in 155 pages
[    0.004000] Hierarchical RCU implementation.
[    0.004000] 	RCU restricting CPUs from NR_CPUS=8192 to nr_cpu_ids=2.
[    0.004000] 	Tasks RCU enabled.
[    0.004000] RCU: Adjusting geometry for rcu_fanout_leaf=16, nr_cpu_ids=2
[    0.004000] NR_IRQS: 524544, nr_irqs: 440, preallocated irqs: 16
[    0.004000] Console: colour VGA+ 80x25
[    0.004000] console [tty1] enabled
[    0.004000] console [ttyS0] enabled
[    0.004000] ACPI: Core revision 20170831
[    0.004000] ACPI: 2 ACPI AML tables successfully acquired and loaded
[    0.004000] APIC: Switch to symmetric I/O mode setup
[    0.004000] x2apic enabled
[    0.004000] Switched APIC routing to physical x2apic.
[    0.005222] ..TIMER: vector=0x30 apic1=0 pin1=2 apic2=-1 pin2=-1
[    0.008028] tsc: Detected 1996.799 MHz processor
[    0.009863] Calibrating delay loop (skipped) preset value.. 3993.59 BogoMIPS (lpj=7987196)
[    0.012008] pid_max: default: 32768 minimum: 301
[    0.013080] Security Framework initialized
[    0.014090] Yama: becoming mindful.
[    0.014898] AppArmor: AppArmor initialized
[    0.020151] Dentry cache hash table entries: 131072 (order: 8, 1048576 bytes)
[    0.023142] Inode-cache hash table entries: 65536 (order: 7, 524288 bytes)
[    0.024029] Mount-cache hash table entries: 2048 (order: 2, 16384 bytes)
[    0.028018] Mountpoint-cache hash table entries: 2048 (order: 2, 16384 bytes)
[    0.030138] Last level iTLB entries: 4KB 0, 2MB 0, 4MB 0
[    0.032005] Last level dTLB entries: 4KB 0, 2MB 0, 4MB 0, 1GB 0
[    0.033713] Spectre V1 : Mitigation: usercopy/swapgs barriers and __user pointer sanitization
[    0.035507] Spectre V2 : Mitigation: Full generic retpoline
[    0.036005] Spectre V2 : Spectre v2 / SpectreRSB mitigation: Filling RSB on context switch
[    0.037938] Speculative Store Bypass: Vulnerable
[    0.038880] MDS: Mitigation: Clear CPU buffers
[    0.040184] Freeing SMP alternatives memory: 36K
[    0.153624] smpboot: CPU0: Intel(R) Core(TM) i5-1038NG7 CPU @ 2.00GHz (family: 0x6, model: 0x7e, stepping: 0x5)
[    0.156150] Performance Events: unsupported p6 CPU model 126 no PMU driver, software events only.
[    0.158502] Hierarchical SRCU implementation.
[    0.160320] NMI watchdog: Perf event create on CPU 0 failed with -2
[    0.162419] NMI watchdog: Perf NMI watchdog permanently disabled
[    0.164101] smp: Bringing up secondary CPUs ...
[    0.165243] x86: Booting SMP configuration:
[    0.166085] .... node  #0, CPUs:      #1
[    0.004000] kvm-clock: cpu 1, msr 0:3ff44041, secondary cpu clock
[    0.171018] smp: Brought up 1 node, 2 CPUs
[    0.172011] smpboot: Max logical packages: 1
[    0.172887] smpboot: Total of 2 processors activated (7987.19 BogoMIPS)
[    0.174349] devtmpfs: initialized
[    0.174349] x86/mm: Memory block size: 128MB
[    0.176117] evm: security.selinux
[    0.177100] evm: security.SMACK64
[    0.178291] evm: security.SMACK64EXEC
[    0.180007] evm: security.SMACK64TRANSMUTE
[    0.180838] evm: security.SMACK64MMAP
[    0.181576] evm: security.apparmor
[    0.182263] evm: security.ima
[    0.182889] evm: security.capability
[    0.183734] clocksource: jiffies: mask: 0xffffffff max_cycles: 0xffffffff, max_idle_ns: 7645041785100000 ns
[    0.184038] futex hash table entries: 512 (order: 3, 32768 bytes)
[    0.185482] pinctrl core: initialized pinctrl subsystem
[    0.191083] RTC time: 20:02:12, date: 10/02/21
[    0.192295] NET: Registered protocol family 16
[    0.193690] audit: initializing netlink subsys (disabled)
[    0.194957] audit: type=2000 audit(1633204938.263:1): state=initialized audit_enabled=0 res=1
[    0.196012] cpuidle: using governor ladder
[    0.196867] cpuidle: using governor menu
[    0.197832] ACPI: bus type PCI registered
[    0.200006] acpiphp: ACPI Hot Plug PCI Controller Driver version: 0.5
[    0.201877] PCI: Using configuration type 1 for base access
[    0.204898] HugeTLB registered 2.00 MiB page size, pre-allocated 0 pages
[    0.205621] ACPI: Added _OSI(Module Device)
[    0.208006] ACPI: Added _OSI(Processor Device)
[    0.208869] ACPI: Added _OSI(3.0 _SCP Extensions)
[    0.210152] ACPI: Added _OSI(Processor Aggregator Device)
[    0.211590] ACPI: Added _OSI(Linux-Dell-Video)
[    0.212007] ACPI: Added _OSI(Linux-Lenovo-NV-HDMI-Audio)
[    0.213086] ACPI: Added _OSI(Linux-HPI-Hybrid-Graphics)
[    0.214726] ACPI: Executed 1 blocks of module-level executable AML code
[    0.220353] ACPI: Interpreter enabled
[    0.221303] ACPI: (supports S0 S5)
[    0.221988] ACPI: Using IOAPIC for interrupt routing
[    0.223157] PCI: Using host bridge windows from ACPI; if necessary, use "pci=nocrs" and report a bug
[    0.224209] ACPI: Enabled 2 GPEs in block 00 to 07
[    0.232708] ACPI: PCI Root Bridge [PCI0] (domain 0000 [bus 00-ff])
[    0.233975] acpi PNP0A03:00: _OSC: OS supports [ASPM ClockPM Segments MSI]
[    0.235807] acpi PNP0A03:00: _OSC: not requesting OS control; OS requires [ExtendedConfig ASPM ClockPM MSI]
[    0.236023] acpi PNP0A03:00: fail to add MMCONFIG information, can't access extended PCI configuration space under this bridge.
[    0.240485] PCI host bridge to bus 0000:00
[    0.241675] pci_bus 0000:00: root bus resource [io  0x0000-0x0cf7 window]
[    0.243264] pci_bus 0000:00: root bus resource [io  0x0d00-0xffff window]
[    0.244004] pci_bus 0000:00: root bus resource [mem 0x000a0000-0x000bffff window]
[    0.245487] pci_bus 0000:00: root bus resource [mem 0x40000000-0xfdffffff window]
[    0.248004] pci_bus 0000:00: root bus resource [bus 00-ff]
[    0.253583] pci 0000:00:01.1: legacy IDE quirk: reg 0x10: [io  0x01f0-0x01f7]
[    0.255130] pci 0000:00:01.1: legacy IDE quirk: reg 0x14: [io  0x03f6]
[    0.256004] pci 0000:00:01.1: legacy IDE quirk: reg 0x18: [io  0x0170-0x0177]
[    0.257365] pci 0000:00:01.1: legacy IDE quirk: reg 0x1c: [io  0x0376]
[    0.274056] pci 0000:00:07.0: quirk: [io  0x4000-0x403f] claimed by PIIX4 ACPI
[    0.276009] pci 0000:00:07.0: quirk: [io  0x4100-0x410f] claimed by PIIX4 SMB
[    0.287408] ACPI: PCI Interrupt Link [LNKA] (IRQs 5 9 10 *11)
[    0.288288] ACPI: PCI Interrupt Link [LNKB] (IRQs 5 9 *10 11)
[    0.289761] ACPI: PCI Interrupt Link [LNKC] (IRQs 5 *9 10 11)
[    0.292144] ACPI: PCI Interrupt Link [LNKD] (IRQs 5 9 10 *11)
[    0.293640] SCSI subsystem initialized
[    0.294455] pci 0000:00:02.0: vgaarb: setting as boot VGA device
[    0.294455] pci 0000:00:02.0: vgaarb: VGA device added: decodes=io+mem,owns=io+mem,locks=none
[    0.296013] pci 0000:00:02.0: vgaarb: bridge control possible
[    0.297381] vgaarb: loaded
[    0.300072] ACPI: bus type USB registered
[    0.301001] usbcore: registered new interface driver usbfs
[    0.302093] usbcore: registered new interface driver hub
[    0.303180] usbcore: registered new device driver usb
[    0.304099] EDAC MC: Ver: 3.0.0
[    0.305378] PCI: Using ACPI for IRQ routing
[    0.308162] NetLabel: Initializing
[    0.308917] NetLabel:  domain hash size = 128
[    0.309818] NetLabel:  protocols = UNLABELED CIPSOv4 CALIPSO
[    0.310920] NetLabel:  unlabeled traffic allowed by default
[    0.312069] clocksource: Switched to clocksource kvm-clock
[    0.330928] VFS: Disk quotas dquot_6.6.0
[    0.332139] VFS: Dquot-cache hash table entries: 512 (order 0, 4096 bytes)
[    0.333645] AppArmor: AppArmor Filesystem Enabled
[    0.334627] pnp: PnP ACPI init
[    0.336612] pnp: PnP ACPI: found 3 devices
[    0.346028] clocksource: acpi_pm: mask: 0xffffff max_cycles: 0xffffff, max_idle_ns: 2085701024 ns
[    0.348070] NET: Registered protocol family 2
[    0.349423] IP idents hash table entries: 16384 (order: 5, 131072 bytes)
[    0.354065] TCP established hash table entries: 8192 (order: 4, 65536 bytes)
[    0.356317] TCP bind hash table entries: 8192 (order: 5, 131072 bytes)
[    0.357597] TCP: Hash tables configured (established 8192 bind 8192)
[    0.358879] UDP hash table entries: 512 (order: 2, 16384 bytes)
[    0.360200] UDP-Lite hash table entries: 512 (order: 2, 16384 bytes)
[    0.361751] NET: Registered protocol family 1
[    0.362655] pci 0000:00:00.0: Limiting direct PCI/PCI transfers
[    0.364320] pci 0000:00:01.0: Activating ISA DMA hang workarounds
[    0.365545] pci 0000:00:02.0: Video device with shadowed ROM at [mem 0x000c0000-0x000dffff]
[    0.367297] Unpacking initramfs...
[    0.752844] Freeing initrd memory: 19520K
[    0.754386] clocksource: tsc: mask: 0xffffffffffffffff max_cycles: 0x3990bc5adef, max_idle_ns: 881590438240 ns
[    0.756486] platform rtc_cmos: registered platform RTC device (no PNP device found)
[    0.758324] Scanning for low memory corruption every 60 seconds
[    0.760469] Initialise system trusted keyrings
[    0.761479] Key type blacklist registered
[    0.762363] workingset: timestamp_bits=36 max_order=18 bucket_order=0
[    0.764413] zbud: loaded
[    0.765677] squashfs: version 4.0 (2009/01/31) Phillip Lougher
[    0.767461] fuse init (API version 7.26)
[    0.769721] Key type asymmetric registered
[    0.770540] Asymmetric key parser 'x509' registered
[    0.771506] Block layer SCSI generic (bsg) driver version 0.4 loaded (major 246)
[    0.773282] io scheduler noop registered
[    0.774124] io scheduler deadline registered
[    0.775182] io scheduler cfq registered (default)
[    0.776700] ACPI: AC Adapter [AC] (on-line)
[    0.777615] input: Power Button as /devices/LNXSYSTM:00/LNXPWRBN:00/input/input0
[    0.779136] ACPI: Power Button [PWRF]
[    0.780082] input: Sleep Button as /devices/LNXSYSTM:00/LNXSLPBN:00/input/input1
[    0.781630] ACPI: Sleep Button [SLPF]
[    0.784367] Serial: 8250/16550 driver, 32 ports, IRQ sharing enabled
[    0.784386] ACPI: Battery Slot [BAT0] (battery present)
[    0.807594] 00:02: ttyS0 at I/O 0x3f8 (irq = 4, base_baud = 115200) is a 16550A
[    0.810363] Linux agpgart interface v0.103
[    0.814110] loop: module loaded
[    0.816396] scsi host0: ata_piix
[    0.817791] scsi host1: ata_piix
[    0.818702] ata1: PATA max UDMA/33 cmd 0x1f0 ctl 0x3f6 bmdma 0xd000 irq 14
[    0.820699] ata2: PATA max UDMA/33 cmd 0x170 ctl 0x376 bmdma 0xd008 irq 15
[    0.822880] libphy: Fixed MDIO Bus: probed
[    0.824571] tun: Universal TUN/TAP device driver, 1.6
[    0.826482] PPP generic driver version 2.4.2
[    0.827878] ehci_hcd: USB 2.0 'Enhanced' Host Controller (EHCI) Driver
[    0.829925] ehci-pci: EHCI PCI platform driver
[    0.831765] ehci-platform: EHCI generic platform driver
[    0.833165] ohci_hcd: USB 1.1 'Open' Host Controller (OHCI) Driver
[    0.834806] ohci-pci: OHCI PCI platform driver
[    0.836150] ohci-platform: OHCI generic platform driver
[    0.838047] uhci_hcd: USB Universal Host Controller Interface driver
[    0.840747] i8042: PNP: PS/2 Controller [PNP0303:PS2K,PNP0f03:PS2M] at 0x60,0x64 irq 1,12
[    0.843087] serio: i8042 KBD port at 0x60,0x64 irq 1
[    0.844398] serio: i8042 AUX port at 0x60,0x64 irq 12
[    0.846029] mousedev: PS/2 mouse device common for all mice
[    0.847896] input: AT Translated Set 2 keyboard as /devices/platform/i8042/serio0/input/input2
[    0.851105] rtc_cmos rtc_cmos: rtc core: registered rtc_cmos as rtc0
[    0.852799] rtc_cmos rtc_cmos: alarms up to one day, 114 bytes nvram
[    0.854307] i2c /dev entries driver
[    0.855874] device-mapper: uevent: version 1.0.3
[    0.857579] device-mapper: ioctl: 4.37.0-ioctl (2017-09-20) initialised: dm-devel@redhat.com
[    0.859783] ledtrig-cpu: registered to indicate activity on CPUs
[    0.861813] NET: Registered protocol family 10
[    0.866546] Segment Routing with IPv6
[    0.867543] NET: Registered protocol family 17
[    0.868859] Key type dns_resolver registered
[    0.870160] mce: Using 0 MCE banks
[    0.871034] RAS: Correctable Errors collector initialized.
[    0.872874] sched_clock: Marking stable (872706490, 0)->(1065616474, -192909984)
[    0.875014] registered taskstats version 1
[    0.875849] Loading compiled-in X.509 certificates
[    0.879437] Loaded X.509 cert 'Build time autogenerated kernel key: b39ba71f7e5bf175906d0a602aa7bdc709562f9b'
[    0.882638] Loaded X.509 cert 'Canonical Ltd. Live Patch Signing: 14df34d1a87cf37625abec039ef2bf521249b969'
[    0.885370] Loaded X.509 cert 'Canonical Ltd. Kernel Module Signing: 88f752e560a1e0737e31163a466ad7b70a850c19'
[    0.888139] zswap: loaded using pool lzo/zbud
[    0.893005] Key type big_key registered
[    0.893913] Key type trusted registered
[    0.897317] Key type encrypted registered
[    0.898302] AppArmor: AppArmor sha1 policy hashing enabled
[    0.899539] ima: No TPM chip found, activating TPM-bypass! (rc=-19)
[    0.901260] ima: Allocated hash algorithm: sha1
[    0.902410] evm: HMAC attrs: 0x1
[    0.903796]   Magic number: 9:258:42
[    0.905001] bdi 7:7: hash matches
[    0.906099] rtc_cmos rtc_cmos: setting system clock to 2021-10-02 20:02:13 UTC (1633204933)
[    0.908188] BIOS EDD facility v0.16 2004-Jun-25, 0 devices found
[    0.909454] EDD information not available.
[    1.187361] Freeing unused kernel image memory: 2448K
[    1.352081] Write protecting the kernel read-only data: 20480k
[    1.354693] Freeing unused kernel image memory: 2008K
[    1.356453] Freeing unused kernel image memory: 1824K
[    1.362661] x86/mm: Checked W+X mappings: passed, no W+X pages found.
[    1.364102] x86/mm: Checking user space page tables
[    1.370972] x86/mm: Checked W+X mappings: passed, no W+X pages found.
Loading, please wait...
starting version 237
[    1.442197] Fusion MPT base driver 3.04.20
[    1.443613] Copyright (c) 1999-2008 LSI Corporation
[    1.446408] e1000: Intel(R) PRO/1000 Network Driver - version 7.3.21-k8-NAPI
[    1.448329] e1000: Copyright (c) 1999-2006 Intel Corporation.
[    1.463804] AVX2 version of gcm_enc/dec engaged.
[    1.464927] AES CTR mode by8 optimization enabled
[    1.471828] Fusion MPT SPI Host driver 3.04.20
[    1.649757] input: ImExPS/2 Generic Explorer Mouse as /devices/platform/i8042/serio1/input/input4
[    1.908185] e1000 0000:00:03.0 eth0: (PCI:33MHz:32-bit) 02:d6:10:ef:a7:47
[    1.910492] e1000 0000:00:03.0 eth0: Intel(R) PRO/1000 Network Connection
[    2.331949] e1000 0000:00:08.0 eth1: (PCI:33MHz:32-bit) 08:00:27:a6:46:6e
[    2.334305] e1000 0000:00:08.0 eth1: Intel(R) PRO/1000 Network Connection
[    2.337614] mptbase: ioc0: Initiating bringup
[    2.338182] e1000 0000:00:08.0 enp0s8: renamed from eth1
[    2.357137] e1000 0000:00:03.0 enp0s3: renamed from eth0
[    2.698597] ioc0: LSI53C1030 A0: Capabilities={Initiator}
[    4.806995] scsi host2: ioc0: LSI53C1030 A0, FwRev=00000000h, Ports=1, MaxQ=256, IRQ=20
[    6.481649] scsi 2:0:0:0: Direct-Access     VBOX     HARDDISK         1.0  PQ: 0 ANSI: 5
[    6.900746] scsi target2:0:0: Beginning Domain Validation
[    6.903954] scsi target2:0:0: Domain Validation skipping write tests
[    6.905489] scsi target2:0:0: Ending Domain Validation
[    6.906755] scsi target2:0:0: asynchronous
[    6.908114] scsi 2:0:1:0: Direct-Access     VBOX     HARDDISK         1.0  PQ: 0 ANSI: 5
[    8.250213] scsi target2:0:1: Beginning Domain Validation
[    8.254364] random: fast init done
[    8.256446] scsi target2:0:1: Domain Validation skipping write tests
[    8.258484] scsi target2:0:1: Ending Domain Validation
[    8.260151] scsi target2:0:1: asynchronous
[    8.265403] random: systemd-udevd: uninitialized urandom read (16 bytes read)
[    8.265695] sd 2:0:0:0: [sda] 83886080 512-byte logical blocks: (42.9 GB/40.0 GiB)
[    8.267830] random: systemd-udevd: uninitialized urandom read (16 bytes read)
[    8.269780] sd 2:0:0:0: [sda] Write Protect is off
[    8.271303] random: systemd-udevd: uninitialized urandom read (16 bytes read)
[    8.274639] sd 2:0:0:0: [sda] Incomplete mode parameter data
[    8.274705] sd 2:0:0:0: Attached scsi generic sg0 type 0
[    8.275819] sd 2:0:0:0: [sda] Assuming drive cache: write through
[    8.277242] sd 2:0:1:0: Attached scsi generic sg1 type 0
[    8.278594] sd 2:0:1:0: [sdb] 20480 512-byte logical blocks: (10.5 MB/10.0 MiB)
[    8.281900] sd 2:0:1:0: [sdb] Write Protect is off
[    8.283058] sd 2:0:1:0: [sdb] Incomplete mode parameter data
[    8.284375] sd 2:0:1:0: [sdb] Assuming drive cache: write through
[    8.286856]  sda: sda1
[    8.287360] sd 2:0:1:0: [sdb] Attached SCSI disk
[    8.288990] sd 2:0:0:0: [sda] Attached SCSI disk
Begin: Loading essential drivers ... [    9.716108] raid6: sse2x1   gen() 11063 MB/s
[    9.764130] raid6: sse2x1   xor()  7095 MB/s
[    9.812122] raid6: sse2x2   gen() 14735 MB/s
[    9.860153] raid6: sse2x2   xor()  9834 MB/s
[    9.908085] raid6: sse2x4   gen() 13937 MB/s
[    9.956064] raid6: sse2x4   xor()  8836 MB/s
[   10.004123] raid6: avx2x1   gen() 23691 MB/s
[   10.052081] raid6: avx2x1   xor() 14400 MB/s
[   10.100077] raid6: avx2x2   gen() 28996 MB/s
[   10.148084] raid6: avx2x2   xor() 19355 MB/s
[   10.196083] raid6: avx2x4   gen() 30146 MB/s
[   10.244083] raid6: avx2x4   xor() 17752 MB/s
[   10.245659] raid6: using algorithm avx2x4 gen() 30146 MB/s
[   10.246985] raid6: .... xor() 17752 MB/s, rmw enabled
[   10.248446] raid6: using avx2x2 recovery algorithm
[   10.251038] xor: automatically using best checksumming function   avx       
[   10.253713] async_tx: api initialized (async)
done.
Begin: Running /scripts/init-premount ... done.
Begin: Mounting root file system ... Begin: Running /scripts/local-top ... done.
Begin: Running /scripts/local-premount ... [   10.294317] Btrfs loaded, crc32c=crc32c-intel
Scanning for Btrfs filesystems
done.
Warning: fsck not present, so skipping root file system
[   10.322413] EXT4-fs (sda1): mounted filesystem with ordered data mode. Opts: (null)
done.
Begin: Running /scripts/local-bottom ... done.
Begin: Running /scripts/init-bottom ... done.
[   10.511189] ip_tables: (C) 2000-2006 Netfilter Core Team
[   10.522227] systemd[1]: systemd 237 running in system mode. (+PAM +AUDIT +SELINUX +IMA +APPARMOR +SMACK +SYSVINIT +UTMP +LIBCRYPTSETUP +GCRYPT +GNUTLS +ACL +XZ +LZ4 +SECCOMP +BLKID +ELFUTILS +KMOD -IDN2 +IDN -PCRE2 default-hierarchy=hybrid)
[   10.526571] systemd[1]: Detected virtualization oracle.
[   10.527604] systemd[1]: Detected architecture x86-64.

Welcome to [1mUbuntu 18.04.6 LTS[0m!

[   10.533580] systemd[1]: Set hostname to <ubuntu>.
[   10.537748] systemd[1]: Initializing machine ID from random generator.
[   10.539067] systemd[1]: Installed transient /etc/machine-id file.
[   10.800227] systemd[1]: Set up automount Arbitrary Executable File Formats File System Automount Point.
[[0;32m  OK  [0m] Set up automount Arbitrary Executab…rmats File System Automount Point.
[   10.804152] systemd[1]: Reached target Swap.
[[0;32m  OK  [0m] Reached target Swap.
[   10.807190] systemd[1]: Created slice System Slice.
[[0;32m  OK  [0m] Created slice System Slice.
[   10.809519] systemd[1]: Listening on udev Kernel Socket.
[[0;32m  OK  [0m] Listening on udev Kernel Socket.
[[0;32m  OK  [0m] Listening on Network Service Netlink Socket.
[[0;32m  OK  [0m] Listening on /dev/initctl Compatibility Named Pipe.
[[0;32m  OK  [0m] Listening on Journal Socket.
         Starting Uncomplicated firewall...
         Mounting Kernel Debug File System...
         Starting Create list of required st…ce nodes for the current kernel...
         Starting Load Kernel Modules...
[[0;32m  OK  [0m] Listening on udev Control Socket.
         Mounting POSIX Message Queue File System...
[[0;32m  OK  [0m] Listening on Journal Audit Socket.
[[0;32m  OK  [0m] Listening on LVM2 poll daemon socket.
         Starting Set the console keyboard layout...
[[0;32m  OK  [0m] Listening on Device-mapper event daemon FIFOs.
[[0;32m  OK  [0m] Created slice User and Session Slice.
[[0;32m  OK  [0m] Reached target Slices.
[[0;32m  OK  [0m] Listening on Journal Socket (/dev/log).
[[0;32m  OK  [0m] Listening on LVM2 metadata daemon socket.
[[0;32m  OK  [0m] Listening on Syslog Socket.
[[0;32m  OK  [0m] Reached target System Time Synchronized.
[   10.854820] Loading iSCSI transport class v2.0-870.
         Starting Monitoring of LVM2 mirrors…ng dmeventd or progress polling...
[[0;32m  OK  [0m] Created slice system-serial\x2dgetty.slice.
[[0;32m  OK  [0m] Listening on fsck to fsckd communication Socket.
         Starting File System Check on Root Device...
[[0;32m  OK  [0m] Started Forward Password Requests to Wall Directory Watch.
         Starting Journal Service...
[[0;32m  OK  [0m] Reached target User and Group Name Lookups.
         Mounting Huge Pages File System...
[   10.911816] iscsi: registered transport (tcp)
         Starting udev Coldplug all Devices...
[[0;32m  OK  [0m] Started Uncomplicated firewall.
[[0;32m  OK  [0m] Mounted Kernel Debug File System.
[[0;32m  OK  [0m] Started Create list of required sta…vice nodes for the current kernel.
[[0;32m  OK  [0m] Mounted POSIX Message Queue File System.
[[0;32m  OK  [0m] Mounted Huge Pages File System.
[   10.930949] iscsi: registered transport (iser)
[[0;32m  OK  [0m] Started LVM2 metadata daemon.
         Starting Create Static Device Nodes in /dev...
[[0;32m  OK  [0m] Started Load Kernel Modules.
[[0;32m  OK  [0m] Started File System Check Daemon to report status.
         Mounting Kernel Configuration File System...
         Starting Apply Kernel Variables...
         Mounting FUSE Control File System...
[[0;32m  OK  [0m] Mounted Kernel Configuration File System.
[[0;32m  OK  [0m] Mounted FUSE Control File System.
[[0;32m  OK  [0m] Started Journal Service.
[[0;32m  OK  [0m] Started Create Static Device Nodes in /dev.
[[0;32m  OK  [0m] Started udev Coldplug all Devices.
[[0;32m  OK  [0m] Started Monitoring of LVM2 mirrors,…sing dmeventd or progress polling.
[[0;32m  OK  [0m] Started File System Check on Root Device.
         Starting Remount Root and Kernel File Systems...
[[0;32m  OK  [0m] Started Apply Kernel Variables.
[[0;32m  OK  [0m] Started Remount Root and Kernel File Systems.
         Starting Load/Save Random Seed...
         Starting Flush Journal to Persistent Storage...
         Starting udev Kernel Device Manager...
[[0;32m  OK  [0m] Started Load/Save Random Seed.
[[0;32m  OK  [0m] Started udev Kernel Device Manager.
[[0;32m  OK  [0m] Started Flush Journal to Persistent Storage.
[[0;32m  OK  [0m] Found device /dev/ttyS0.
[[0;32m  OK  [0m] Listening on Load/Save RF Kill Switch Status /dev/rfkill Watch.
[[0;32m  OK  [0m] Started Set the console keyboard layout.
[[0;32m  OK  [0m] Reached target Local File Systems (Pre).
[[0;32m  OK  [0m] Reached target Local File Systems.
         Starting Set console font and keymap...
         Starting Tell Plymouth To Write Out Runtime Data...
         Starting ebtables ruleset management...
         Starting Commit a transient machine-id on disk...
         Starting AppArmor initialization...
         Starting Create Volatile Files and Directories...
[[0;32m  OK  [0m] Started Dispatch Password Requests to Console Directory Watch.
[[0;32m  OK  [0m] Reached target Local Encrypted Volumes.
[[0;32m  OK  [0m] Started Set console font and keymap.
[[0;32m  OK  [0m] Started Tell Plymouth To Write Out Runtime Data.
[[0;32m  OK  [0m] Started Create Volatile Files and Directories.
         Starting Update UTMP about System Boot/Shutdown...
[[0;32m  OK  [0m] Started Update UTMP about System Boot/Shutdown.
[[0;32m  OK  [0m] Started Commit a transient machine-id on disk.
[[0;32m  OK  [0m] Started ebtables ruleset management.
[[0;32m  OK  [0m] Started AppArmor initialization.
         Starting Load AppArmor profiles managed internally by snapd...
         Starting Initial cloud-init job (pre-networking)...
[[0;32m  OK  [0m] Started Load AppArmor profiles managed internally by snapd.
[   13.892030] cloud-init[663]: Cloud-init v. 21.2-3-g899bfaa9-0ubuntu2~18.04.1 running 'init-local' at Sat, 02 Oct 2021 20:02:26 +0000. Up 13.49 seconds.
[[0;32m  OK  [0m] Started Initial cloud-init job (pre-networking).
[[0;32m  OK  [0m] Reached target Network (Pre).
         Starting Network Service...
[[0;32m  OK  [0m] Started Network Service.
         Starting Network Name Resolution...
         Starting Wait for Network to be Configured...
[[0;32m  OK  [0m] Started Network Name Resolution.
[[0;32m  OK  [0m] Reached target Host and Network Name Lookups.
[[0;32m  OK  [0m] Reached target Network.
[[0;32m  OK  [0m] Started Wait for Network to be Configured.
         Starting Initial cloud-init job (metadata service crawler)...
[   15.886094] cloud-init[780]: Cloud-init v. 21.2-3-g899bfaa9-0ubuntu2~18.04.1 running 'init' at Sat, 02 Oct 2021 20:02:28 +0000. Up 15.75 seconds.
[   15.887806] cloud-init[780]: ci-info: ++++++++++++++++++++++++++++++++++++++Net device info+++++++++++++++++++++++++++++++++++++++
[   15.900220] cloud-init[780]: ci-info: +--------+-------+----------------------------+---------------+--------+-------------------+
[   15.902161] cloud-init[780]: ci-info: | Device |   Up  |          Address           |      Mask     | Scope  |     Hw-Address    |
[   15.912266] cloud-init[780]: ci-info: +--------+-------+----------------------------+---------------+--------+-------------------+
[   15.913643] cloud-init[780]: ci-info: | enp0s3 |  True |         10.0.2.15          | 255.255.255.0 | global | 02:d6:10:ef:a7:47 |
[   15.915652] cloud-init[780]: ci-info: | enp0s3 |  True | fe80::d6:10ff:feef:a747/64 |       .       |  link  | 02:d6:10:ef:a7:47 |
[   15.917431] cloud-init[780]: ci-info: | enp0s8 | False |             .              |       .       |   .    | 08:00:27:a6:46:6e |
[   15.928248] cloud-init[780]: ci-info: |   lo   |  True |         127.0.0.1          |   255.0.0.0   |  host  |         .         |
[   15.930282] cloud-init[780]: ci-info: |   lo   |  True |          ::1/128           |       .       |  host  |         .         |
[   15.932191] cloud-init[780]: ci-info: +--------+-------+----------------------------+---------------+--------+-------------------+
[   15.934139] cloud-init[780]: ci-info: ++++++++++++++++++++++++++++Route IPv4 info+++++++++++++++++++++++++++++
[   15.936311] cloud-init[780]: ci-info: +-------+-------------+----------+-----------------+-----------+-------+
[   15.938208] cloud-init[780]: ci-info: | Route | Destination | Gateway  |     Genmask     | Interface | Flags |
[   15.940110] cloud-init[780]: ci-info: +-------+-------------+----------+-----------------+-----------+-------+
[   15.941899] cloud-init[780]: ci-info: |   0   |   0.0.0.0   | 10.0.2.2 |     0.0.0.0     |   enp0s3  |   UG  |
[   15.944206] cloud-init[780]: ci-info: |   1   |   10.0.2.0  | 0.0.0.0  |  255.255.255.0  |   enp0s3  |   U   |
[   15.945873] cloud-init[780]: ci-info: |   2   |   10.0.2.2  | 0.0.0.0  | 255.255.255.255 |   enp0s3  |   UH  |
[   15.947628] cloud-init[780]: ci-info: +-------+-------------+----------+-----------------+-----------+-------+
[   15.949448] cloud-init[780]: ci-info: +++++++++++++++++++Route IPv6 info+++++++++++++++++++
[   15.960198] cloud-init[780]: ci-info: +-------+-------------+---------+-----------+-------+
[   15.961908] cloud-init[780]: ci-info: | Route | Destination | Gateway | Interface | Flags |
[   15.963264] cloud-init[780]: ci-info: +-------+-------------+---------+-----------+-------+
[   15.964653] cloud-init[780]: ci-info: |   1   |  fe80::/64  |    ::   |   enp0s3  |   U   |
[   15.965890] cloud-init[780]: ci-info: |   3   |    local    |    ::   |   enp0s3  |   U   |
[   15.967072] cloud-init[780]: ci-info: |   4   |   ff00::/8  |    ::   |   enp0s3  |   U   |
[   15.968475] cloud-init[780]: ci-info: +-------+-------------+---------+-----------+-------+
[   16.563822] cloud-init[780]: Generating public/private rsa key pair.
[   16.565291] cloud-init[780]: Your identification has been saved in /etc/ssh/ssh_host_rsa_key.
[   16.580652] cloud-init[780]: Your public key has been saved in /etc/ssh/ssh_host_rsa_key.pub.
[   16.584183] cloud-init[780]: The key fingerprint is:
[   16.596307] cloud-init[780]: SHA256:c9P4W4Zwc6GY7cDGlp/8TWAGozEMvf9rMG0/K43lVWo root@ubuntu-bionic
[   16.598678] cloud-init[780]: The key's randomart image is:
[   16.608540] cloud-init[780]: +---[RSA 2048]----+
[   16.610012] cloud-init[780]: |        ..       |
[   16.611073] cloud-init[780]: |         o.      |
[   16.624429] cloud-init[780]: |          +.o .  |
[   16.626263] cloud-init[780]: |         o.@ + ..|
[   16.627275] cloud-init[780]: |        S /.*.=..|
[   16.628623] cloud-init[780]: |         = X+BEo.|
[   16.630038] cloud-init[780]: |            B*B.o|
[   16.631330] cloud-init[780]: |             Bo*.|
[   16.644256] cloud-init[780]: |            ..+o+|
[   16.645528] cloud-init[780]: +----[SHA256]-----+
[   16.646858] cloud-init[780]: Generating public/private dsa key pair.
[   16.648136] cloud-init[780]: Your identification has been saved in /etc/ssh/ssh_host_dsa_key.
[   16.650279] cloud-init[780]: Your public key has been saved in /etc/ssh/ssh_host_dsa_key.pub.
[   16.652446] cloud-init[780]: The key fingerprint is:
[   16.653844] cloud-init[780]: SHA256:MJuacGnFkHR5Ums2EXgdp1Cm+SebmfrYbcmRXaQBikI root@ubuntu-bionic
[   16.656373] cloud-init[780]: The key's randomart image is:
[   16.657629] cloud-init[780]: +---[DSA 1024]----+
[   16.659138] cloud-init[780]: |   .o.E+=++.o.   |
[[0;32m  OK  [0m] Started Initial cloud-init job (metadata service crawler).
[   16.676609] cloud-init[780]: |    .=+ oO.+  . .|[[0;32m  OK  [0m] Reached target Cloud-config availability.
[[0;32m  OK  [0m] Reached target Network is Online.
[[0;32m  OK  [0m] Reached target Remote File Systems (Pre).
[[0;32m  OK  [0m] Reached target Remote File Systems.

         Starting Availability of block devices...
[   16.693300] [[0;32m  OK  [0m] Reached target System Initialization.
[[0;32m  OK  [0m] Listening on Open-iSCSI iscsid Socket.
cloud-init[780]: |      *+O o    + |
[   16.702359] cloud-init[780]: |     o O o    . .|
[   16.705614]          Starting LXD - unix socket.
[[0;32m  OK  [0m] Listening on D-Bus System Message Bus Socket.
cloud-init[780]: [[0;32m  OK  [0m] Started ACPI Events Check.
[[0;32m  OK  [0m] Reached target Paths.
[[0;32m  OK  [0m] Listening on UUID daemon activation socket.
|  . + o S o .o . |
[[0;32m  OK  [0m] Started Daily Cleanup of Temporary Directories.
[[0;32m  OK  [0m] Listening on ACPID Listen Socket.
[[0;32m  OK  [0m] Started Ubuntu Advantage update messaging.
[   16.720739] [[0;32m  OK  [0m] Started Daily apt download activities.
cloud-init[780]: |   + o     Bo .  |
         Starting Socket activation for snappy daemon.
[[0;32m  OK  [0m] Started Message of the Day.
[[0;32m  OK  [0m] Started Daily apt upgrade and clean activities.
[[0;32m  OK  [0m] Started Discard unused blocks once a week.
[[0;32m  OK  [0m] Reached target Timers.
[[0;32m  OK  [0m] Started Availability of block devices.
[[0;32m  OK  [0m] Listening on LXD - unix socket.
[   16.732627] cloud-init[780]: |    o     =. o   |
[[0;32m  OK  [0m] Listening on Socket activation for snappy daemon.
[[0;32m  OK  [0m] Reached target Sockets.
[[0;32m  OK  [0m] Reached target Basic System.
[   16.740643] [cloud-init[0;32m  OK  [0m[780]: ] |         + .+    |Started Deferred execution scheduler.

[   16.743265] cloud-init[780]: |        o.o..    |[[0;32m  OK  [0m] Started D-Bus System Message Bus.

[   16.748737] cloud-init[780]: +----[SHA256]-----+
[   16.750575] cloud-init[780]: Generating public/private ecdsa key pair.
[   16.752199] cloud-init[780]: Your identification has been saved in /etc/ssh/ssh_host_ecdsa_key.
[   16.753914] cloud-init[780]: Your public key has been saved in /etc/ssh/ssh_host_ecdsa_key.pub.
[   16.756191] cloud-init[780]: The key fingerprint is:
[   16.757330] cloud-init[780]: SHA256:K+6xEOM+Lvz+Ae8WRMXzamTlSSQTHa/+YsF+GMH7dgY root@ubuntu-bionic
[   16.759251] cloud-init[780]: The key's randomart image is:
[   16.761949] cloud-init[780]: +---[ECDSA 256]---+
[   16.763652] cloud-init[780]: |       o=+o.     |
[   16.766897] cloud-init[780]: |      . oo+.     |
[   16.768217] cloud-init[780]: |     .   B ..    |
[   16.772486] cloud-init[780]: |      . o *.     |
[   16.774407] cloud-init[780]: |    +. oSo.o     |
[   16.776366] cloud-init[780]: |   . =. oo= E    |
[   16.778498] cloud-init[780]: | .  o =o...= .   |
[   16.788290] cloud-init[780]: |  o..+.=  =.+ o  |
[   16.790387] cloud-init[780]: |   ===*  . +.o   |
[   16.793067] cloud-init[780]: +----[SHA256]-----+
[   16.794940] cloud-init[780]: Generating public/private ed25519 key pair.
[   16.798266] cloud-init[780]: Your identification has been saved in /etc/ssh/ssh_host_ed25519_key.
[   16.801915] cloud-init[780]: Your public key has been saved in /etc/ssh/ssh_host_ed25519_key.pub.
[   16.803548] cloud-init[780]: The key fingerprint is:
[   16.804867] cloud-init[780]: SHA256:oet65OT/iSQ+KWd0Hmv96wiMT7VGL0tDuGknPtfeDEg root@ubuntu-bionic
[   16.806600] cloud-init[780]: The key's randomart image is:
[[0;32m  OK  [0m] Started FUSE filesystem for LXC.
[   16.822434]          Starting Virtualbox guest utils...
cloud-init         Starting System Logging Service...
[780]: +--[ED25519 256]--+
[   16.828383] cloud-init[780]: |                 |
[   16.829625] cloud-init[780]: |                 |
[   16.829717] cloud-init[780]: |        .        |
[   16.830544] cloud-init[780]: |       . o       |
[   16.831255] cloud-init[780]: |      . S E      |
[   16.832612] cloud-init[780]: |      ++oB +     |
[   16.833980] cloud-init[780]: |     *++X+O.o    |
[   16.834696] [[0;32m  OK  [0m] Started irqbalance daemon.
cloud-init[780]: |    .oOB=Bo*.+   |
         Starting Permit User Sessions...
[   16.841895] cloud-init[780]: |    .*o+=+=+=.o  |
[   16.844201] cloud-init[780]: +----[SHA256]-----+
         Starting Login Service...
         Starting LXD - container startup/shutdown...
         Starting LSB: automatic crash report generation...
         Starting Accounts Service...
         Starting Dispatcher daemon for systemd-networkd...
[[0;32m  OK  [0m] Started Regular background program processing daemon.
         Starting LSB: Record successful boot for GRUB...
         Starting Pollinate to seed the pseudo random number generator...
         Starting Snap Daemon...
[[0;32m  OK  [0m] Started System Logging Service.
[[0;32m  OK  [0m] Started Permit User Sessions.
[[0;32m  OK  [0m] Started Login Service.
         Starting Authorization Manager...
[[0;32m  OK  [0m] Started Unattended Upgrades Shutdown.
         Starting Terminate Plymouth Boot Screen...
         Starting Hold until boot process finishes up...
[[0;32m  OK  [0m] Started Hold until boot process finishes up.
         Starting Set console scheme...
[[0;32m  OK  [0m] Started Serial Getty on ttyS0.
[[0;32m  OK  [0m] Started Terminate Plymouth Boot Screen.
[[0;32m  OK  [0m] Started Set console scheme.
[[0;32m  OK  [0m] Created slice system-getty.slice.
[[0;32m  OK  [0m] Started Getty on tty1.
[[0;32m  OK  [0m] Reached target Login Prompts.
[[0;32m  OK  [0m] Started LSB: automatic crash report generation.
[[0;32m  OK  [0m] Started LSB: Record successful boot for GRUB.
[[0;32m  OK  [0m] Started Authorization Manager.
[[0;32m  OK  [0m] Started Accounts Service.
[[0;32m  OK  [0m] Started Virtualbox guest utils.
[[0;32m  OK  [0m] Started LXD - container startup/shutdown.
[[0;32m  OK  [0m] Started Dispatcher daemon for systemd-networkd.
[[0;32m  OK  [0m] Started Snap Daemon.
         Starting Wait until snapd is fully seeded...
[[0;32m  OK  [0m] Started Pollinate to seed the pseudo random number generator.
         Starting OpenBSD Secure Shell server...
[[0;32m  OK  [0m] Started OpenBSD Secure Shell server.
[[0;32m  OK  [0m] Created slice User Slice of vagrant.
         Starting User Manager for UID 1000...
[[0;32m  OK  [0m] Started Session 1 of user vagrant.
[[0;32m  OK  [0m] Started User Manager for UID 1000.

Ubuntu 18.04.6 LTS node-1 ttyS0

node-1 login: [   24.862969] cloud-init[1990]: Cloud-init v. 21.2-3-g899bfaa9-0ubuntu2~18.04.1 running 'modules:config' at Sat, 02 Oct 2021 20:02:37 +0000. Up 24.46 seconds.
ci-info: no authorized SSH keys fingerprints found for user ubuntu.
<14>Oct  2 20:02:37 cloud-init: #############################################################
<14>Oct  2 20:02:37 cloud-init: -----BEGIN SSH HOST KEY FINGERPRINTS-----
<14>Oct  2 20:02:37 cloud-init: 1024 SHA256:MJuacGnFkHR5Ums2EXgdp1Cm+SebmfrYbcmRXaQBikI root@ubuntu-bionic (DSA)
<14>Oct  2 20:02:37 cloud-init: 256 SHA256:K+6xEOM+Lvz+Ae8WRMXzamTlSSQTHa/+YsF+GMH7dgY root@ubuntu-bionic (ECDSA)
<14>Oct  2 20:02:37 cloud-init: 256 SHA256:oet65OT/iSQ+KWd0Hmv96wiMT7VGL0tDuGknPtfeDEg root@ubuntu-bionic (ED25519)
<14>Oct  2 20:02:37 cloud-init: 2048 SHA256:c9P4W4Zwc6GY7cDGlp/8TWAGozEMvf9rMG0/K43lVWo root@ubuntu-bionic (RSA)
<14>Oct  2 20:02:37 cloud-init: -----END SSH HOST KEY FINGERPRINTS-----
<14>Oct  2 20:02:37 cloud-init: #############################################################
-----BEGIN SSH HOST KEY KEYS-----
ecdsa-sha2-nistp256 AAAAE2VjZHNhLXNoYTItbmlzdHAyNTYAAAAIbmlzdHAyNTYAAABBBMI2QDfmOIwdYU1LruVukX6L8qK+I9uOt719r4FyF0OOktClv3M5vjn5gx53J868T8mPt9K7Qw5ZQlZLcEi9t9k= root@ubuntu-bionic
ssh-ed25519 AAAAC3NzaC1lZDI1NTE5AAAAIAtQVWdrvfPj84llxe2DdBGev/cD9wpXcqp6GjXHt6ok root@ubuntu-bionic
ssh-rsa AAAAB3NzaC1yc2EAAAADAQABAAABAQDvPPhI9mVGD6XDR9cHYNJMVbMTrekqARONDmBMeTquEbOpkTWK9nLPmp4m7ECx6LkvibmlVwDs+tvW6MB9K/BqVeWJZ/N7+ZjTHOXxFhg42fbyDgl9rBGVzQmren05Oda6u/leNbou6gXSDzdkBa1jV/dX0PkHarsxW6o6NfzU0rNAplLNUuOxQfHrkBsJUDqryeQwVv1vZa/Gd8nlbte+M0jJ/ItDoL9Oc8XaHILSo71QypcUzTSCS6XIuYDW/oKuHSHp0Xe25T4wDzeCpDeSw4PTl+CFJOFV9xvK7OdBm+NxC+6G5KcATN3teGQEfe5HwSTnD5ht03RR3V6Cdldh root@ubuntu-bionic
-----END SSH HOST KEY KEYS-----
[   25.389962] cloud-init[2080]: Cloud-init v. 21.2-3-g899bfaa9-0ubuntu2~18.04.1 running 'modules:final' at Sat, 02 Oct 2021 20:02:37 +0000. Up 25.23 seconds.
[   25.390051] cloud-init[2080]: ci-info: no authorized SSH keys fingerprints found for user ubuntu.
[   25.390087] cloud-init[2080]: Cloud-init v. 21.2-3-g899bfaa9-0ubuntu2~18.04.1 finished at Sat, 02 Oct 2021 20:02:37 +0000. Datasource DataSourceNoCloud [seed=/dev/sdb][dsmode=net].  Up 25.38 seconds
